<?xml version="1.0" encoding="UTF-8"?>
<testsuite name="com.spring.blogapp_Springboot.users.UsersRepositoryTests" tests="1" skipped="0" failures="0" errors="0" timestamp="2024-04-29T08:48:28" hostname="Navdeeps-MacBook-Air.local" time="0.409">
  <properties/>
  <testcase name="can_find_users()" classname="com.spring.blogapp_Springboot.users.UsersRepositoryTests" time="0.409"/>
  <system-out><![CDATA[14:18:27.503 [Test worker] INFO org.springframework.test.context.support.AnnotationConfigContextLoaderUtils -- Could not detect default configuration classes for test class [com.spring.blogapp_Springboot.users.UsersRepositoryTests]: UsersRepositoryTests does not declare any static, non-private, non-final, nested classes annotated with @Configuration.
14:18:27.556 [Test worker] INFO org.springframework.boot.test.context.SpringBootTestContextBootstrapper -- Found @SpringBootConfiguration com.spring.blogapp_Springboot.BlogAppSpringBootApplication for test class com.spring.blogapp_Springboot.users.UsersRepositoryTests

  .   ____          _            __ _ _
 /\\ / ___'_ __ _ _(_)_ __  __ _ \ \ \ \
( ( )\___ | '_ | '_| | '_ \/ _` | \ \ \ \
 \\/  ___)| |_)| | | | | || (_| |  ) ) ) )
  '  |____| .__|_| |_|_| |_\__, | / / / /
 =========|_|==============|___/=/_/_/_/
 :: Spring Boot ::                (v3.2.5)

2024-04-29T14:18:27.737+05:30  INFO 18487 --- [    Test worker] c.s.b.users.UsersRepositoryTests         : Starting UsersRepositoryTests using Java 21.0.2 with PID 18487 (started by navdeepscriza in /Users/navdeepscriza/Desktop/Java_Practice/Projects/blogapp_Spring)
2024-04-29T14:18:27.738+05:30  INFO 18487 --- [    Test worker] c.s.b.users.UsersRepositoryTests         : The following 1 profile is active: "test"
2024-04-29T14:18:27.892+05:30  INFO 18487 --- [    Test worker] .s.d.r.c.RepositoryConfigurationDelegate : Bootstrapping Spring Data JPA repositories in DEFAULT mode.
2024-04-29T14:18:27.917+05:30  INFO 18487 --- [    Test worker] .s.d.r.c.RepositoryConfigurationDelegate : Finished Spring Data repository scanning in 21 ms. Found 3 JPA repository interfaces.
2024-04-29T14:18:27.946+05:30  INFO 18487 --- [    Test worker] beddedDataSourceBeanFactoryPostProcessor : Replacing 'dataSource' DataSource bean with embedded version
2024-04-29T14:18:28.009+05:30  INFO 18487 --- [    Test worker] o.s.j.d.e.EmbeddedDatabaseFactory        : Starting embedded database: url='jdbc:h2:mem:8f699ed8-c9e5-432e-ad17-5c52391f6cb2;DB_CLOSE_DELAY=-1;DB_CLOSE_ON_EXIT=false', username='sa'
2024-04-29T14:18:28.132+05:30  INFO 18487 --- [    Test worker] o.hibernate.jpa.internal.util.LogHelper  : HHH000204: Processing PersistenceUnitInfo [name: default]
2024-04-29T14:18:28.159+05:30  INFO 18487 --- [    Test worker] org.hibernate.Version                    : HHH000412: Hibernate ORM core version 6.4.4.Final
2024-04-29T14:18:28.173+05:30  INFO 18487 --- [    Test worker] o.h.c.internal.RegionFactoryInitiator    : HHH000026: Second-level cache disabled
2024-04-29T14:18:28.270+05:30  INFO 18487 --- [    Test worker] o.s.o.j.p.SpringPersistenceUnitInfo      : No LoadTimeWeaver setup: ignoring JPA class transformer
2024-04-29T14:18:28.671+05:30  INFO 18487 --- [    Test worker] o.h.e.t.j.p.i.JtaPlatformInitiator       : HHH000489: No JTA platform available (set 'hibernate.transaction.jta.platform' to enable JTA platform integration)
Hibernate: drop table if exists articles cascade 
Hibernate: drop table if exists comments cascade 
Hibernate: drop table if exists users cascade 
Hibernate: drop sequence if exists articles_seq
Hibernate: drop sequence if exists comments_seq
Hibernate: drop sequence if exists users_seq
Hibernate: create sequence articles_seq start with 1 increment by 50
Hibernate: create sequence comments_seq start with 1 increment by 50
Hibernate: create sequence users_seq start with 1 increment by 50
Hibernate: create table articles (author bigint not null, created_at timestamp(6), id bigint not null, body varchar(255), slug varchar(255) unique, subtitle varchar(255), title varchar(255), primary key (id))
Hibernate: create table comments (article_id bigint not null, author_id bigint not null, created_at timestamp(6), id bigint not null, body varchar(255), title varchar(255), primary key (id))
Hibernate: create table users (id bigint not null, bio varchar(255), email varchar(255) not null, image varchar(255), username varchar(255) not null, primary key (id))
Hibernate: alter table if exists articles add constraint FKe57yj1b3eki5poo250ws2b25l foreign key (author) references users
Hibernate: alter table if exists comments add constraint FKk4ib6syde10dalk7r7xdl0m5p foreign key (article_id) references articles
Hibernate: alter table if exists comments add constraint FKn2na60ukhs76ibtpt9burkm27 foreign key (author_id) references users
2024-04-29T14:18:28.693+05:30  INFO 18487 --- [    Test worker] j.LocalContainerEntityManagerFactoryBean : Initialized JPA EntityManagerFactory for persistence unit 'default'
2024-04-29T14:18:28.839+05:30  INFO 18487 --- [    Test worker] c.s.b.users.UsersRepositoryTests         : Started UsersRepositoryTests in 1.249 seconds (process running for 1.763)
Hibernate: select next value for users_seq
Hibernate: insert into users (bio,email,image,username,id) values (?,?,?,?,?)
Hibernate: select ue1_0.id,ue1_0.bio,ue1_0.email,ue1_0.image,ue1_0.username from users ue1_0
]]></system-out>
  <system-err><![CDATA[WARNING: A Java agent has been loaded dynamically (/Users/navdeepscriza/.gradle/caches/modules-2/files-2.1/net.bytebuddy/byte-buddy-agent/1.14.13/979ce25f7d3096a2e82214ba7dc972a05ce7a171/byte-buddy-agent-1.14.13.jar)
WARNING: If a serviceability tool is in use, please run with -XX:+EnableDynamicAgentLoading to hide this warning
WARNING: If a serviceability tool is not in use, please run with -Djdk.instrument.traceUsage for more information
WARNING: Dynamic loading of agents will be disallowed by default in a future release
]]></system-err>
</testsuite>
