<?xml version="1.0" encoding="UTF-8"?>
<testsuite name="com.spring.blogapp_Springboot.users.UserServiceTest" tests="1" skipped="0" failures="0" errors="0" timestamp="2024-04-29T10:18:01" hostname="Navdeeps-MacBook-Air.local" time="0.368">
  <properties/>
  <testcase name="can_create_user()" classname="com.spring.blogapp_Springboot.users.UserServiceTest" time="0.368"/>
  <system-out><![CDATA[15:47:59.568 [Test worker] INFO org.springframework.test.context.support.AnnotationConfigContextLoaderUtils -- Could not detect default configuration classes for test class [com.spring.blogapp_Springboot.users.UserServiceTest]: UserServiceTest does not declare any static, non-private, non-final, nested classes annotated with @Configuration.
15:47:59.633 [Test worker] INFO org.springframework.boot.test.context.SpringBootTestContextBootstrapper -- Found @SpringBootConfiguration com.spring.blogapp_Springboot.BlogAppSpringBootApplication for test class com.spring.blogapp_Springboot.users.UserServiceTest

  .   ____          _            __ _ _
 /\\ / ___'_ __ _ _(_)_ __  __ _ \ \ \ \
( ( )\___ | '_ | '_| | '_ \/ _` | \ \ \ \
 \\/  ___)| |_)| | | | | || (_| |  ) ) ) )
  '  |____| .__|_| |_|_| |_\__, | / / / /
 =========|_|==============|___/=/_/_/_/
 :: Spring Boot ::                (v3.2.5)

2024-04-29T15:47:59.829+05:30  INFO 20363 --- [    Test worker] c.s.b.users.UserServiceTest              : Starting UserServiceTest using Java 21.0.2 with PID 20363 (started by navdeepscriza in /Users/navdeepscriza/Desktop/Java_Practice/Projects/blogapp_Spring)
2024-04-29T15:47:59.830+05:30  INFO 20363 --- [    Test worker] c.s.b.users.UserServiceTest              : The following 1 profile is active: "test"
2024-04-29T15:48:00.184+05:30  INFO 20363 --- [    Test worker] .s.d.r.c.RepositoryConfigurationDelegate : Bootstrapping Spring Data JPA repositories in DEFAULT mode.
2024-04-29T15:48:00.212+05:30  INFO 20363 --- [    Test worker] .s.d.r.c.RepositoryConfigurationDelegate : Finished Spring Data repository scanning in 24 ms. Found 3 JPA repository interfaces.
2024-04-29T15:48:00.418+05:30  INFO 20363 --- [    Test worker] o.hibernate.jpa.internal.util.LogHelper  : HHH000204: Processing PersistenceUnitInfo [name: default]
2024-04-29T15:48:00.452+05:30  INFO 20363 --- [    Test worker] org.hibernate.Version                    : HHH000412: Hibernate ORM core version 6.4.4.Final
2024-04-29T15:48:00.469+05:30  INFO 20363 --- [    Test worker] o.h.c.internal.RegionFactoryInitiator    : HHH000026: Second-level cache disabled
2024-04-29T15:48:00.584+05:30  INFO 20363 --- [    Test worker] o.s.o.j.p.SpringPersistenceUnitInfo      : No LoadTimeWeaver setup: ignoring JPA class transformer
2024-04-29T15:48:01.117+05:30  INFO 20363 --- [    Test worker] o.h.e.t.j.p.i.JtaPlatformInitiator       : HHH000489: No JTA platform available (set 'hibernate.transaction.jta.platform' to enable JTA platform integration)
2024-04-29T15:48:01.137+05:30  INFO 20363 --- [    Test worker] j.LocalContainerEntityManagerFactoryBean : Initialized JPA EntityManagerFactory for persistence unit 'default'
2024-04-29T15:48:01.396+05:30  WARN 20363 --- [    Test worker] JpaBaseConfiguration$JpaWebConfiguration : spring.jpa.open-in-view is enabled by default. Therefore, database queries may be performed during view rendering. Explicitly configure spring.jpa.open-in-view to disable this warning
2024-04-29T15:48:01.711+05:30  INFO 20363 --- [    Test worker] c.s.b.users.UserServiceTest              : Started UserServiceTest in 2.003 seconds (process running for 2.625)
]]></system-out>
  <system-err><![CDATA[WARNING: A Java agent has been loaded dynamically (/Users/navdeepscriza/.gradle/caches/modules-2/files-2.1/net.bytebuddy/byte-buddy-agent/1.14.13/979ce25f7d3096a2e82214ba7dc972a05ce7a171/byte-buddy-agent-1.14.13.jar)
WARNING: If a serviceability tool is in use, please run with -XX:+EnableDynamicAgentLoading to hide this warning
WARNING: If a serviceability tool is not in use, please run with -Djdk.instrument.traceUsage for more information
WARNING: Dynamic loading of agents will be disallowed by default in a future release
]]></system-err>
</testsuite>
